{
  "RSpec": {
    "coverage": {
      "/Users/garethwoodman/Desktop/Makers Academy/Projects/my_portfolio/week_4/Afternoon_Challenge_Bookmarks/solo/bookmark_manager/app.rb": {
        "lines": [
          1,
          1,
          null,
          1,
          1,
          null,
          1,
          1,
          null,
          null,
          1,
          4,
          4,
          null,
          null,
          1,
          1,
          null,
          null,
          1,
          1,
          1,
          null,
          null,
          1,
          1,
          1,
          null,
          null,
          1,
          null
        ]
      },
      "/Users/garethwoodman/Desktop/Makers Academy/Projects/my_portfolio/week_4/Afternoon_Challenge_Bookmarks/solo/bookmark_manager/lib/bookmark.rb": {
        "lines": [
          1,
          null,
          1,
          1,
          null,
          1,
          18,
          18,
          18,
          null,
          null,
          1,
          6,
          8,
          null,
          null,
          null,
          null,
          null,
          1,
          10,
          null,
          null,
          null,
          10,
          null,
          null,
          null,
          null,
          1,
          2,
          null,
          null,
          null,
          1,
          18,
          null,
          18,
          null,
          null,
          1,
          6,
          null,
          null,
          1,
          null
        ]
      },
      "/Users/garethwoodman/Desktop/Makers Academy/Projects/my_portfolio/week_4/Afternoon_Challenge_Bookmarks/solo/bookmark_manager/spec/setup_test_database.rb": {
        "lines": [
          1,
          null,
          1,
          7,
          null,
          7,
          null,
          null,
          7,
          null
        ]
      },
      "/Users/garethwoodman/Desktop/Makers Academy/Projects/my_portfolio/week_4/Afternoon_Challenge_Bookmarks/solo/bookmark_manager/spec/features/add_bookmark_spec.rb": {
        "lines": [
          1,
          null,
          1,
          1,
          1,
          1,
          1,
          1,
          null,
          1,
          null,
          null,
          null
        ]
      },
      "/Users/garethwoodman/Desktop/Makers Academy/Projects/my_portfolio/week_4/Afternoon_Challenge_Bookmarks/solo/bookmark_manager/spec/features/deleting_a_bookmark_spec.rb": {
        "lines": [
          1,
          1,
          1,
          1,
          1,
          null,
          1,
          null,
          1,
          1,
          null,
          null
        ]
      },
      "/Users/garethwoodman/Desktop/Makers Academy/Projects/my_portfolio/week_4/Afternoon_Challenge_Bookmarks/solo/bookmark_manager/spec/features/viewing_bookmarks_spec.rb": {
        "lines": [
          1,
          1,
          1,
          1,
          null,
          null,
          1,
          1,
          null,
          1,
          1,
          1,
          null,
          1,
          null,
          1,
          1,
          1,
          null,
          null
        ]
      },
      "/Users/garethwoodman/Desktop/Makers Academy/Projects/my_portfolio/week_4/Afternoon_Challenge_Bookmarks/solo/bookmark_manager/spec/units/bookmark_spec.rb": {
        "lines": [
          1,
          1,
          null,
          1,
          1,
          1,
          1,
          null,
          null,
          1,
          1,
          1,
          null,
          1,
          null,
          1,
          1,
          1,
          1,
          1,
          null,
          null,
          null,
          1,
          1,
          1,
          1,
          null,
          1,
          1,
          1,
          null,
          1,
          1,
          1,
          1,
          null,
          null,
          null,
          1,
          1,
          1,
          null,
          1,
          null,
          1,
          null,
          null,
          null
        ]
      },
      "/Users/garethwoodman/Desktop/Makers Academy/Projects/my_portfolio/week_4/Afternoon_Challenge_Bookmarks/solo/bookmark_manager/spec/database_helpers.rb": {
        "lines": [
          1,
          null,
          null,
          1,
          1,
          1,
          1,
          null
        ]
      }
    },
    "timestamp": 1588862221
  }
}
