{
  "RSpec": {
    "coverage": {
      "/Users/garethwoodman/Desktop/Makers Academy/Projects/my_portfolio/week_4/Afternoon_Challenge_Bookmarks/solo/bookmark_manager/app.rb": {
        "lines": [
          1,
          1,
          1,
          null,
          1,
          1,
          null,
          1,
          1,
          null,
          null,
          1,
          6,
          6,
          null,
          null,
          1,
          1,
          null,
          null,
          1,
          null,
          1,
          1,
          null,
          null,
          1,
          1,
          1,
          null,
          null,
          1,
          1,
          1,
          null,
          null,
          1,
          1,
          1,
          null,
          null,
          1,
          null
        ]
      },
      "/Users/garethwoodman/Desktop/Makers Academy/Projects/my_portfolio/week_4/Afternoon_Challenge_Bookmarks/solo/bookmark_manager/lib/bookmark.rb": {
        "lines": [
          1,
          1,
          null,
          1,
          1,
          null,
          1,
          27,
          27,
          27,
          null,
          null,
          1,
          8,
          18,
          null,
          null,
          1,
          13,
          null,
          null,
          null,
          13,
          null,
          null,
          null,
          null,
          1,
          2,
          null,
          null,
          1,
          2,
          null,
          null,
          null,
          null,
          2,
          null,
          null,
          null,
          null,
          1,
          2,
          2,
          null,
          null,
          null,
          null,
          1,
          10,
          null,
          null,
          1,
          null
        ]
      },
      "/Users/garethwoodman/Desktop/Makers Academy/Projects/my_portfolio/week_4/Afternoon_Challenge_Bookmarks/solo/bookmark_manager/lib/database_connection.rb": {
        "lines": [
          1,
          null,
          1,
          1,
          4,
          null,
          null,
          1,
          1,
          null,
          null,
          1,
          28,
          null,
          null
        ]
      },
      "/Users/garethwoodman/Desktop/Makers Academy/Projects/my_portfolio/week_4/Afternoon_Challenge_Bookmarks/solo/bookmark_manager/database_connection_setup.rb": {
        "lines": [
          1,
          null,
          1,
          1,
          null,
          0,
          null
        ]
      },
      "/Users/garethwoodman/Desktop/Makers Academy/Projects/my_portfolio/week_4/Afternoon_Challenge_Bookmarks/solo/bookmark_manager/spec/setup_test_database.rb": {
        "lines": [
          1,
          null,
          1,
          13,
          null,
          13,
          null,
          null,
          13,
          null
        ]
      },
      "/Users/garethwoodman/Desktop/Makers Academy/Projects/my_portfolio/week_4/Afternoon_Challenge_Bookmarks/solo/bookmark_manager/spec/database_connection_spec.rb": {
        "lines": [
          1,
          null,
          1,
          1,
          1,
          1,
          1,
          null,
          null,
          1,
          null,
          1,
          null,
          1,
          null,
          null,
          null,
          1,
          1,
          1,
          null,
          1,
          null,
          1,
          null,
          null,
          null
        ]
      },
      "/Users/garethwoodman/Desktop/Makers Academy/Projects/my_portfolio/week_4/Afternoon_Challenge_Bookmarks/solo/bookmark_manager/spec/features/add_bookmark_spec.rb": {
        "lines": [
          1,
          null,
          1,
          1,
          1,
          1,
          1,
          1,
          null,
          1,
          null,
          null,
          null
        ]
      },
      "/Users/garethwoodman/Desktop/Makers Academy/Projects/my_portfolio/week_4/Afternoon_Challenge_Bookmarks/solo/bookmark_manager/spec/features/deleting_a_bookmark_spec.rb": {
        "lines": [
          1,
          1,
          1,
          1,
          1,
          null,
          1,
          null,
          1,
          1,
          null,
          null
        ]
      },
      "/Users/garethwoodman/Desktop/Makers Academy/Projects/my_portfolio/week_4/Afternoon_Challenge_Bookmarks/solo/bookmark_manager/spec/features/updating_a_bookmark_spec.rb": {
        "lines": [
          1,
          1,
          1,
          1,
          1,
          null,
          null,
          1,
          1,
          null,
          1,
          1,
          null,
          1,
          1,
          1,
          null,
          1,
          1,
          1,
          null,
          null
        ]
      },
      "/Users/garethwoodman/Desktop/Makers Academy/Projects/my_portfolio/week_4/Afternoon_Challenge_Bookmarks/solo/bookmark_manager/spec/features/viewing_bookmarks_spec.rb": {
        "lines": [
          1,
          1,
          1,
          1,
          null,
          null,
          1,
          1,
          null,
          1,
          1,
          1,
          null,
          1,
          null,
          1,
          1,
          1,
          null,
          null
        ]
      },
      "/Users/garethwoodman/Desktop/Makers Academy/Projects/my_portfolio/week_4/Afternoon_Challenge_Bookmarks/solo/bookmark_manager/spec/units/bookmark_spec.rb": {
        "lines": [
          1,
          1,
          null,
          1,
          1,
          1,
          1,
          null,
          null,
          1,
          1,
          1,
          null,
          1,
          null,
          1,
          1,
          1,
          1,
          1,
          null,
          null,
          null,
          1,
          1,
          1,
          1,
          null,
          1,
          1,
          1,
          null,
          1,
          1,
          1,
          1,
          null,
          null,
          null,
          1,
          1,
          1,
          null,
          1,
          null,
          1,
          null,
          null,
          null,
          1,
          1,
          1,
          1,
          null,
          1,
          1,
          1,
          1,
          null,
          null,
          null,
          1,
          1,
          1,
          null,
          1,
          null,
          1,
          1,
          1,
          1,
          null,
          null,
          null
        ]
      },
      "/Users/garethwoodman/Desktop/Makers Academy/Projects/my_portfolio/week_4/Afternoon_Challenge_Bookmarks/solo/bookmark_manager/spec/database_helpers.rb": {
        "lines": [
          1,
          null,
          null,
          1,
          1,
          1,
          1,
          null
        ]
      }
    },
    "timestamp": 1588952884
  }
}
