{
  "RSpec": {
    "coverage": {
      "/Users/garethwoodman/Desktop/Makers Academy/Projects/my_portfolio/week_4/daily_diary/app.rb": {
        "lines": [
          1,
          1,
          1,
          null,
          1,
          null,
          1,
          null,
          null,
          1,
          6,
          6,
          null,
          null,
          null,
          1,
          2,
          null,
          null,
          null,
          1,
          2,
          2,
          null,
          null,
          null,
          1,
          1,
          1,
          null,
          null,
          null,
          1,
          1,
          1,
          null,
          null,
          null,
          1,
          1,
          1,
          1,
          null,
          null,
          null,
          1,
          1,
          1,
          1,
          null,
          null
        ]
      },
      "/Users/garethwoodman/Desktop/Makers Academy/Projects/my_portfolio/week_4/daily_diary/lib/diary.rb": {
        "lines": [
          1,
          null,
          1,
          1,
          19,
          null,
          null,
          1,
          10,
          null,
          null,
          1,
          18,
          null,
          null,
          null,
          1,
          1,
          null,
          1,
          51,
          51,
          51,
          51,
          null,
          null,
          1,
          2,
          2,
          2,
          null,
          null,
          1,
          2,
          null,
          null,
          1,
          19,
          19,
          null,
          null,
          1,
          18,
          50,
          null,
          null,
          null,
          1,
          1,
          4,
          4,
          null,
          null,
          1,
          37,
          37,
          null,
          null,
          1,
          51,
          null,
          null,
          1,
          null
        ]
      },
      "/Users/garethwoodman/Desktop/Makers Academy/Projects/my_portfolio/week_4/daily_diary/spec/features/web_helpers.rb": {
        "lines": [
          1,
          2,
          2,
          2,
          2,
          null
        ]
      },
      "/Users/garethwoodman/Desktop/Makers Academy/Projects/my_portfolio/week_4/daily_diary/spec/setup_test_database.rb": {
        "lines": [
          1,
          null,
          1,
          9,
          null,
          9,
          null,
          null,
          9,
          null
        ]
      },
      "/Users/garethwoodman/Desktop/Makers Academy/Projects/my_portfolio/week_4/daily_diary/spec/diary_spec.rb": {
        "lines": [
          1,
          null,
          1,
          null,
          null,
          6,
          null,
          1,
          5,
          5,
          5,
          null,
          null,
          null,
          1,
          1,
          1,
          null,
          null,
          1,
          1,
          null,
          null,
          null,
          1,
          2,
          null,
          1,
          1,
          null,
          null,
          null,
          1,
          2,
          null,
          1,
          1,
          null,
          null,
          1,
          1,
          null,
          null,
          null,
          1,
          1,
          4,
          null,
          null,
          null
        ]
      },
      "/Users/garethwoodman/Desktop/Makers Academy/Projects/my_portfolio/week_4/daily_diary/spec/features/add_entry_spec.rb": {
        "lines": [
          1,
          null,
          1,
          1,
          1,
          1,
          null,
          null,
          null
        ]
      },
      "/Users/garethwoodman/Desktop/Makers Academy/Projects/my_portfolio/week_4/daily_diary/spec/features/delete_entry_spec.rb": {
        "lines": [
          1,
          null,
          1,
          1,
          null,
          1,
          1,
          1,
          null,
          null,
          1,
          null,
          null,
          1,
          1,
          null,
          null,
          null
        ]
      },
      "/Users/garethwoodman/Desktop/Makers Academy/Projects/my_portfolio/week_4/daily_diary/spec/features/find_entry_spec.rb": {
        "lines": [
          1,
          null,
          1,
          1,
          1,
          1,
          null,
          1,
          null,
          null,
          null
        ]
      },
      "/Users/garethwoodman/Desktop/Makers Academy/Projects/my_portfolio/week_4/daily_diary/spec/features/update_entry_spec.rb": {
        "lines": [
          1,
          null,
          1,
          1,
          1,
          1,
          1,
          null,
          1,
          1,
          null,
          1,
          1,
          1,
          null,
          1,
          1,
          1,
          null,
          null,
          null
        ]
      }
    },
    "timestamp": 1588935347
  }
}
